2019-12-02 12:23:37.043  INFO 1508 --- [restartedMain] p.GiveMeaWord.GivemeawordApplicationKt   : Starting GivemeawordApplicationKt on DESKTOP-H7M9L0C with PID 1508 (C:\Users\Artem\git\givemeaword\build\classes\kotlin\main started by Artem in C:\Users\Artem\git\givemeaword)
2019-12-02 12:23:37.047  INFO 1508 --- [restartedMain] p.GiveMeaWord.GivemeawordApplicationKt   : No active profile set, falling back to default profiles: default
2019-12-02 12:23:37.110  INFO 1508 --- [restartedMain] .e.DevToolsPropertyDefaultsPostProcessor : Devtools property defaults active! Set 'spring.devtools.add-properties' to 'false' to disable
2019-12-02 12:23:37.110  INFO 1508 --- [restartedMain] .e.DevToolsPropertyDefaultsPostProcessor : For additional web related logging consider setting the 'logging.level.web' property to 'DEBUG'
2019-12-02 12:23:38.490  INFO 1508 --- [restartedMain] .s.d.r.c.RepositoryConfigurationDelegate : Bootstrapping Spring Data repositories in DEFAULT mode.
2019-12-02 12:23:38.569  INFO 1508 --- [restartedMain] .s.d.r.c.RepositoryConfigurationDelegate : Finished Spring Data repository scanning in 71ms. Found 4 repository interfaces.
2019-12-02 12:23:38.956  INFO 1508 --- [restartedMain] trationDelegate$BeanPostProcessorChecker : Bean 'org.springframework.transaction.annotation.ProxyTransactionManagementConfiguration' of type [org.springframework.transaction.annotation.ProxyTransactionManagementConfiguration$$EnhancerBySpringCGLIB$$708c6f52] is not eligible for getting processed by all BeanPostProcessors (for example: not eligible for auto-proxying)
2019-12-02 12:23:39.268  INFO 1508 --- [restartedMain] o.s.b.w.embedded.tomcat.TomcatWebServer  : Tomcat initialized with port(s): 8080 (http)
2019-12-02 12:23:39.292  INFO 1508 --- [restartedMain] o.apache.catalina.core.StandardService   : Starting service [Tomcat]
2019-12-02 12:23:39.292  INFO 1508 --- [restartedMain] org.apache.catalina.core.StandardEngine  : Starting Servlet engine: [Apache Tomcat/9.0.22]
2019-12-02 12:23:39.396  INFO 1508 --- [restartedMain] o.a.c.c.C.[Tomcat].[localhost].[/]       : Initializing Spring embedded WebApplicationContext
2019-12-02 12:23:39.397  INFO 1508 --- [restartedMain] o.s.web.context.ContextLoader            : Root WebApplicationContext: initialization completed in 2287 ms
2019-12-02 12:23:39.596  INFO 1508 --- [restartedMain] com.zaxxer.hikari.HikariDataSource       : HikariPool-1 - Starting...
2019-12-02 12:23:39.705  INFO 1508 --- [restartedMain] com.zaxxer.hikari.HikariDataSource       : HikariPool-1 - Start completed.
2019-12-02 12:23:39.942  INFO 1508 --- [restartedMain] o.s.b.d.a.OptionalLiveReloadServer       : LiveReload server is running on port 35729
2019-12-02 12:23:40.028  INFO 1508 --- [restartedMain] o.hibernate.jpa.internal.util.LogHelper  : HHH000204: Processing PersistenceUnitInfo [
	name: default
	...]
2019-12-02 12:23:40.107  INFO 1508 --- [restartedMain] org.hibernate.Version                    : HHH000412: Hibernate Core {5.3.10.Final}
2019-12-02 12:23:40.108  INFO 1508 --- [restartedMain] org.hibernate.cfg.Environment            : HHH000206: hibernate.properties not found
2019-12-02 12:23:40.240  INFO 1508 --- [restartedMain] o.hibernate.annotations.common.Version   : HCANN000001: Hibernate Commons Annotations {5.0.4.Final}
2019-12-02 12:23:40.351  INFO 1508 --- [restartedMain] org.hibernate.dialect.Dialect            : HHH000400: Using dialect: org.hibernate.dialect.H2Dialect
2019-12-02 12:23:40.368  INFO 1508 --- [restartedMain] o.h.e.j.e.i.LobCreatorBuilderImpl        : HHH000422: Disabling contextual LOB creation as connection was null
2019-12-02 12:23:40.689  INFO 1508 --- [restartedMain] j.LocalContainerEntityManagerFactoryBean : Initialized JPA EntityManagerFactory for persistence unit 'default'
2019-12-02 12:23:41.393  INFO 1508 --- [restartedMain] o.s.s.concurrent.ThreadPoolTaskExecutor  : Initializing ExecutorService 'applicationTaskExecutor'
2019-12-02 12:23:41.426  WARN 1508 --- [restartedMain] aWebConfiguration$JpaWebMvcConfiguration : spring.jpa.open-in-view is enabled by default. Therefore, database queries may be performed during view rendering. Explicitly configure spring.jpa.open-in-view to disable this warning
2019-12-02 12:23:41.746  INFO 1508 --- [restartedMain] o.s.b.a.e.web.EndpointLinksResolver      : Exposing 16 endpoint(s) beneath base path '/actuator'
2019-12-02 12:23:41.843  INFO 1508 --- [restartedMain] o.s.b.w.embedded.tomcat.TomcatWebServer  : Tomcat started on port(s): 8080 (http) with context path ''
2019-12-02 12:23:41.847  INFO 1508 --- [restartedMain] p.GiveMeaWord.GivemeawordApplicationKt   : Started GivemeawordApplicationKt in 5.169 seconds (JVM running for 6.604)
